<?xml version="1.0" encoding="UTF-8"?>
<!-- Generated by org.testng.reporters.JUnitReportReporter -->
<testsuite skipped="0" hostname="Mohammeds-MBP-2.home" name="com.shift.testcases.SignInAndSignOutTest" tests="1" failures="0" timestamp="2021-03-02T23:36:14 EST" time="7.677" errors="0">
  <testcase name="signInTest" time="7.677" classname="com.shift.testcases.SignInAndSignOutTest"/>
  <system-out/>
</testsuite> <!-- com.shift.testcases.SignInAndSignOutTest -->
