<?xml version="1.0" encoding="UTF-8"?>
<!-- Generated by org.testng.reporters.JUnitReportReporter -->
<testsuite skipped="0" hostname="Mohammeds-MBP-2.home" name="com.shift.base.TestBase" tests="1" failures="0" timestamp="2021-02-15T23:47:10 EST" time="0.010" errors="0">
  <testcase name="getPageTitle" time="0.010" classname="com.shift.base.TestBase"/>
  <system-out/>
</testsuite> <!-- com.shift.base.TestBase -->
